<?xml version="1.0" encoding="UTF-8"?>
<!-- Generated by org.testng.reporters.JUnitXMLReporter -->
<testsuite hostname="NGL001340" ignored="0" name="AddBeneficiaryPageTest" tests="2" failures="0" timestamp="14 Dec 2021 16:38:46 GMT" time="14.102" errors="0">
  <testcase name="addBeneficiaryTest" time="9.735" classname="mybank.testcases.AddBeneficiaryPageTest"/>
  <testcase name="invalidCredentialsTest" time="0.56" classname="mybank.testcases.AddBeneficiaryPageTest"/>
</testsuite> <!-- AddBeneficiaryPageTest -->
