<?xml version="1.0" encoding="UTF-8"?>
<!-- Generated by org.testng.reporters.JUnitXMLReporter -->
<testsuite hostname="NGL001340" ignored="0" name="AddMoneyPageTest" tests="4" failures="0" timestamp="14 Dec 2021 16:38:32 GMT" time="5.472" errors="0">
  <testcase name="addMoneyPageAvabilityTest" time="1.181" classname="mybank.testcases.AddMoneyPageTest"/>
  <testcase name="test2" time="0.262" classname="mybank.testcases.AddMoneyPageTest"/>
  <testcase name="test3" time="0.187" classname="mybank.testcases.AddMoneyPageTest"/>
  <testcase name="test4" time="0.196" classname="mybank.testcases.AddMoneyPageTest"/>
</testsuite> <!-- AddMoneyPageTest -->
