<?xml version="1.0" encoding="UTF-8"?>
<!-- Generated by org.testng.reporters.JUnitXMLReporter -->
<testsuite hostname="NGL001340" ignored="0" name="DDUserLoginPageTest" tests="15" failures="7" timestamp="14 Dec 2021 16:38:59 GMT" time="13.236" errors="0">
  <testcase name="userLoginTestWithcorrectData" time="0.764" classname="mybank.testcases.DDUserLoginPageTest"/>
  <testcase name="userLoginTestWithcorrectData" time="0.332" classname="mybank.testcases.DDUserLoginPageTest"/>
  <testcase name="userLoginTestWithcorrectData" time="0.242" classname="mybank.testcases.DDUserLoginPageTest"/>
  <testcase name="userLoginTestWithcorrectData" time="0.315" classname="mybank.testcases.DDUserLoginPageTest"/>
  <testcase name="userLoginTestWithcorrectData" time="0.269" classname="mybank.testcases.DDUserLoginPageTest"/>
  <testcase name="userLoginTestWithcorrectData" time="0.233" classname="mybank.testcases.DDUserLoginPageTest"/>
  <testcase name="userLoginTestWithcorrectData" time="0.307" classname="mybank.testcases.DDUserLoginPageTest"/>
  <testcase name="userLoginTestWithcorrectData" time="0.322" classname="mybank.testcases.DDUserLoginPageTest"/>
  <testcase name="userLoginTestWithcWrongData" time="0.266" classname="mybank.testcases.DDUserLoginPageTest">
    <failure type="java.lang.AssertionError" message="expected [true] but found [false]">
      <![CDATA[java.lang.AssertionError: expected [true] but found [false]
	at mybank.testcases.DDUserLoginPageTest.userLoginTestWithcWrongData(DDUserLoginPageTest.java:72)
... Removed 30 stack frames]]>
    </failure>
  </testcase> <!-- userLoginTestWithcWrongData -->
  <testcase name="userLoginTestWithcWrongEmail" time="0.257" classname="mybank.testcases.DDUserLoginPageTest">
    <failure type="java.lang.AssertionError" message="expected [true] but found [false]">
      <![CDATA[java.lang.AssertionError: expected [true] but found [false]
	at mybank.testcases.DDUserLoginPageTest.userLoginTestWithcWrongEmail(DDUserLoginPageTest.java:89)
... Removed 30 stack frames]]>
    </failure>
  </testcase> <!-- userLoginTestWithcWrongEmail -->
  <testcase name="userLoginTestWithcWrongEmail" time="0.204" classname="mybank.testcases.DDUserLoginPageTest">
    <failure type="java.lang.AssertionError" message="expected [true] but found [false]">
      <![CDATA[java.lang.AssertionError: expected [true] but found [false]
	at mybank.testcases.DDUserLoginPageTest.userLoginTestWithcWrongEmail(DDUserLoginPageTest.java:89)
... Removed 30 stack frames]]>
    </failure>
  </testcase> <!-- userLoginTestWithcWrongEmail -->
  <testcase name="userLoginTestWithcWrongPass" time="0.268" classname="mybank.testcases.DDUserLoginPageTest">
    <failure type="java.lang.AssertionError" message="expected [true] but found [false]">
      <![CDATA[java.lang.AssertionError: expected [true] but found [false]
	at mybank.testcases.DDUserLoginPageTest.userLoginTestWithcWrongPass(DDUserLoginPageTest.java:106)
... Removed 30 stack frames]]>
    </failure>
  </testcase> <!-- userLoginTestWithcWrongPass -->
  <testcase name="userLoginTestWithcWrongPass" time="0.203" classname="mybank.testcases.DDUserLoginPageTest">
    <failure type="java.lang.AssertionError" message="expected [true] but found [false]">
      <![CDATA[java.lang.AssertionError: expected [true] but found [false]
	at mybank.testcases.DDUserLoginPageTest.userLoginTestWithcWrongPass(DDUserLoginPageTest.java:106)
... Removed 30 stack frames]]>
    </failure>
  </testcase> <!-- userLoginTestWithcWrongPass -->
  <testcase name="userLoginTestSensitive" time="0.245" classname="mybank.testcases.DDUserLoginPageTest">
    <failure type="java.lang.AssertionError" message="expected [true] but found [false]">
      <![CDATA[java.lang.AssertionError: expected [true] but found [false]
	at mybank.testcases.DDUserLoginPageTest.userLoginTestSensitive(DDUserLoginPageTest.java:122)
... Removed 30 stack frames]]>
    </failure>
  </testcase> <!-- userLoginTestSensitive -->
  <testcase name="userLoginTestSensitive" time="0.266" classname="mybank.testcases.DDUserLoginPageTest">
    <failure type="java.lang.AssertionError" message="expected [true] but found [false]">
      <![CDATA[java.lang.AssertionError: expected [true] but found [false]
	at mybank.testcases.DDUserLoginPageTest.userLoginTestSensitive(DDUserLoginPageTest.java:122)
... Removed 30 stack frames]]>
    </failure>
  </testcase> <!-- userLoginTestSensitive -->
</testsuite> <!-- DDUserLoginPageTest -->
