<?xml version="1.0" encoding="UTF-8"?>
<!-- Generated by org.testng.reporters.JUnitXMLReporter -->
<testsuite hostname="NGL001340" ignored="0" name="AddBeneficiaryPageTest" tests="2" failures="0" timestamp="17 Dec 2021 10:18:48 GMT" time="9.652" errors="0">
  <testcase name="addBeneficiaryTest" time="4.488" classname="mybank.testcases.AddBeneficiaryPageTest"/>
  <testcase name="invalidCredentialsTest" time="0.863" classname="mybank.testcases.AddBeneficiaryPageTest"/>
</testsuite> <!-- AddBeneficiaryPageTest -->
