<?xml version="1.0" encoding="UTF-8"?>
<!-- Generated by org.testng.reporters.JUnitXMLReporter -->
<testsuite hostname="NGL001340" ignored="0" name="AddBeneficiaryPageTest" tests="2" failures="0" timestamp="15 Dec 2021 09:40:01 GMT" time="15.851" errors="0">
  <testcase name="addBeneficiaryTest" time="10.381" classname="mybank.testcases.AddBeneficiaryPageTest"/>
  <testcase name="invalidCredentialsTest" time="0.736" classname="mybank.testcases.AddBeneficiaryPageTest"/>
</testsuite> <!-- AddBeneficiaryPageTest -->
