<?xml version="1.0" encoding="UTF-8"?>
<!-- Generated by org.testng.reporters.JUnitXMLReporter -->
<testsuite hostname="NGL001340" ignored="0" name="AddMoneyPageTest" tests="4" failures="0" timestamp="17 Dec 2021 10:18:38 GMT" time="7.926" errors="0">
  <testcase name="addMoneyPageAvabilityTest" time="1.585" classname="mybank.testcases.AddMoneyPageTest"/>
  <testcase name="test2" time="0.608" classname="mybank.testcases.AddMoneyPageTest"/>
  <testcase name="test3" time="0.505" classname="mybank.testcases.AddMoneyPageTest"/>
  <testcase name="test4" time="0.405" classname="mybank.testcases.AddMoneyPageTest"/>
</testsuite> <!-- AddMoneyPageTest -->
