<?xml version="1.0" encoding="UTF-8"?>
<!-- Generated by org.testng.reporters.JUnitXMLReporter -->
<testsuite hostname="NGL001340" ignored="0" name="AddMoneyPageTest" tests="4" failures="0" timestamp="15 Dec 2021 09:39:45 GMT" time="6.492" errors="0">
  <testcase name="addMoneyPageAvabilityTest" time="1.4" classname="mybank.testcases.AddMoneyPageTest"/>
  <testcase name="test2" time="0.308" classname="mybank.testcases.AddMoneyPageTest"/>
  <testcase name="test3" time="0.243" classname="mybank.testcases.AddMoneyPageTest"/>
  <testcase name="test4" time="0.219" classname="mybank.testcases.AddMoneyPageTest"/>
</testsuite> <!-- AddMoneyPageTest -->
