<?xml version="1.0" encoding="UTF-8"?>
<!-- Generated by org.testng.reporters.JUnitXMLReporter -->
<testsuite hostname="NGL001340" ignored="0" name="DDUserLoginPageTest" tests="15" failures="7" timestamp="15 Dec 2021 09:40:20 GMT" time="18.876" errors="0">
  <testcase name="userLoginTestWithcorrectData" time="1.16" classname="mybank.testcases.DDUserLoginPageTest"/>
  <testcase name="userLoginTestWithcorrectData" time="0.441" classname="mybank.testcases.DDUserLoginPageTest"/>
  <testcase name="userLoginTestWithcorrectData" time="0.417" classname="mybank.testcases.DDUserLoginPageTest"/>
  <testcase name="userLoginTestWithcorrectData" time="0.495" classname="mybank.testcases.DDUserLoginPageTest"/>
  <testcase name="userLoginTestWithcorrectData" time="0.478" classname="mybank.testcases.DDUserLoginPageTest"/>
  <testcase name="userLoginTestWithcorrectData" time="0.556" classname="mybank.testcases.DDUserLoginPageTest"/>
  <testcase name="userLoginTestWithcorrectData" time="0.419" classname="mybank.testcases.DDUserLoginPageTest"/>
  <testcase name="userLoginTestWithcorrectData" time="0.398" classname="mybank.testcases.DDUserLoginPageTest"/>
  <testcase name="userLoginTestWithcWrongData" time="0.449" classname="mybank.testcases.DDUserLoginPageTest">
    <failure type="java.lang.AssertionError" message="expected [true] but found [false]">
      <![CDATA[java.lang.AssertionError: expected [true] but found [false]
at mybank.testcases.DDUserLoginPageTest.userLoginTestWithcWrongData(DDUserLoginPageTest.java:72)
... Removed 33 stack frames]]>
    </failure>
  </testcase> <!-- userLoginTestWithcWrongData -->
  <testcase name="userLoginTestWithcWrongEmail" time="0.369" classname="mybank.testcases.DDUserLoginPageTest">
    <failure type="java.lang.AssertionError" message="expected [true] but found [false]">
      <![CDATA[java.lang.AssertionError: expected [true] but found [false]
at mybank.testcases.DDUserLoginPageTest.userLoginTestWithcWrongEmail(DDUserLoginPageTest.java:89)
... Removed 33 stack frames]]>
    </failure>
  </testcase> <!-- userLoginTestWithcWrongEmail -->
  <testcase name="userLoginTestWithcWrongEmail" time="0.345" classname="mybank.testcases.DDUserLoginPageTest">
    <failure type="java.lang.AssertionError" message="expected [true] but found [false]">
      <![CDATA[java.lang.AssertionError: expected [true] but found [false]
at mybank.testcases.DDUserLoginPageTest.userLoginTestWithcWrongEmail(DDUserLoginPageTest.java:89)
... Removed 33 stack frames]]>
    </failure>
  </testcase> <!-- userLoginTestWithcWrongEmail -->
  <testcase name="userLoginTestWithcWrongPass" time="0.403" classname="mybank.testcases.DDUserLoginPageTest">
    <failure type="java.lang.AssertionError" message="expected [true] but found [false]">
      <![CDATA[java.lang.AssertionError: expected [true] but found [false]
at mybank.testcases.DDUserLoginPageTest.userLoginTestWithcWrongPass(DDUserLoginPageTest.java:106)
... Removed 33 stack frames]]>
    </failure>
  </testcase> <!-- userLoginTestWithcWrongPass -->
  <testcase name="userLoginTestWithcWrongPass" time="0.356" classname="mybank.testcases.DDUserLoginPageTest">
    <failure type="java.lang.AssertionError" message="expected [true] but found [false]">
      <![CDATA[java.lang.AssertionError: expected [true] but found [false]
at mybank.testcases.DDUserLoginPageTest.userLoginTestWithcWrongPass(DDUserLoginPageTest.java:106)
... Removed 33 stack frames]]>
    </failure>
  </testcase> <!-- userLoginTestWithcWrongPass -->
  <testcase name="userLoginTestSensitive" time="0.454" classname="mybank.testcases.DDUserLoginPageTest">
    <failure type="java.lang.AssertionError" message="expected [true] but found [false]">
      <![CDATA[java.lang.AssertionError: expected [true] but found [false]
at mybank.testcases.DDUserLoginPageTest.userLoginTestSensitive(DDUserLoginPageTest.java:122)
... Removed 33 stack frames]]>
    </failure>
  </testcase> <!-- userLoginTestSensitive -->
  <testcase name="userLoginTestSensitive" time="0.351" classname="mybank.testcases.DDUserLoginPageTest">
    <failure type="java.lang.AssertionError" message="expected [true] but found [false]">
      <![CDATA[java.lang.AssertionError: expected [true] but found [false]
at mybank.testcases.DDUserLoginPageTest.userLoginTestSensitive(DDUserLoginPageTest.java:122)
... Removed 33 stack frames]]>
    </failure>
  </testcase> <!-- userLoginTestSensitive -->
</testsuite> <!-- DDUserLoginPageTest -->
