<?xml version="1.0" encoding="UTF-8"?>
<!-- Generated by org.testng.reporters.JUnitXMLReporter -->
<testsuite hostname="NGL001340" ignored="0" name="HomePageTest" tests="18" failures="0" timestamp="17 Dec 2021 10:20:38 GMT" time="30.986" errors="0">
  <testcase name="LoginTest" time="1.39" classname="mybank.testcases.HomePageTest"/>
  <testcase name="mybankLogoClickTest" time="0.192" classname="mybank.testcases.HomePageTest"/>
  <testcase name="homeClickTest" time="0.107" classname="mybank.testcases.HomePageTest"/>
  <testcase name="featuresClickTest" time="0.242" classname="mybank.testcases.HomePageTest"/>
  <testcase name="aboutFAQsClickTest" time="0.272" classname="mybank.testcases.HomePageTest"/>
  <testcase name="contactUsClickTest" time="0.272" classname="mybank.testcases.HomePageTest"/>
  <testcase name="safetyBankingTipsClickTest" time="0.276" classname="mybank.testcases.HomePageTest"/>
  <testcase name="adminLoginClickTest" time="0.26" classname="mybank.testcases.HomePageTest"/>
  <testcase name="loginClickTest" time="0.167" classname="mybank.testcases.HomePageTest"/>
  <testcase name="signUpClickTest" time="0.263" classname="mybank.testcases.HomePageTest"/>
  <testcase name="contactUsTest" time="0.483" classname="mybank.testcases.HomePageTest"/>
  <testcase name="redirectSafetyTips" time="0.302" classname="mybank.testcases.HomePageTest"/>
  <testcase name="redirectFacebook" time="1.519" classname="mybank.testcases.HomePageTest"/>
  <testcase name="redirectTwitter" time="3.167" classname="mybank.testcases.HomePageTest"/>
  <testcase name="redirectYoutube" time="6.324" classname="mybank.testcases.HomePageTest"/>
  <testcase name="redirectGoogle" time="1.908" classname="mybank.testcases.HomePageTest"/>
  <testcase name="redirectInstagram" time="3.983" classname="mybank.testcases.HomePageTest"/>
  <testcase name="redirectLinkedIn" time="3.637" classname="mybank.testcases.HomePageTest"/>
</testsuite> <!-- HomePageTest -->
