<?xml version="1.0" encoding="UTF-8"?>
<!-- Generated by org.testng.reporters.JUnitXMLReporter -->
<testsuite hostname="NGL001340" ignored="0" name="SignUpPageValidationTest" tests="2" failures="0" timestamp="15 Dec 2021 09:41:32 GMT" time="7.416" errors="0">
  <testcase name="SignUpWithInvalidEmailId" time="2.817" classname="mybank.testcases.SignUpPageValidationTest"/>
  <testcase name="signWithInvalidAccNumber" time="0.369" classname="mybank.testcases.SignUpPageValidationTest"/>
</testsuite> <!-- SignUpPageValidationTest -->
