<?xml version="1.0" encoding="UTF-8"?>
<!-- Generated by org.testng.reporters.JUnitXMLReporter -->
<testsuite hostname="NGL001340" ignored="0" name="TransactionRecordPageTest" tests="1" failures="1" timestamp="17 Dec 2021 10:19:41 GMT" time="7.478" errors="0">
  <testcase name="TransactionRecordTest" time="2.105" classname="mybank.testcases.TransactionRecordPageTest">
    <failure type="java.lang.AssertionError" message="The following asserts failed:
	expected [true] but found [false],
	Account Number Matches !! expected [987654321312] but found [&amp;quot;987654321312&amp;quot;]">
      <![CDATA[java.lang.AssertionError: The following asserts failed:
expected [true] but found [false],
Account Number Matches !! expected [987654321312] but found ["987654321312"]
at mybank.testcases.TransactionRecordPageTest.TransactionRecordTest(TransactionRecordPageTest.java:84)
... Removed 30 stack frames]]>
    </failure>
  </testcase> <!-- TransactionRecordTest -->
</testsuite> <!-- TransactionRecordPageTest -->
