<?xml version="1.0" encoding="UTF-8"?>
<!-- Generated by org.testng.reporters.JUnitXMLReporter -->
<testsuite hostname="NGL001340" ignored="0" name="WithdrawMoneyPageTest" tests="5" failures="2" timestamp="15 Dec 2021 09:40:42 GMT" time="5.608" errors="0">
  <testcase name="requestAtmPageAvabilityTest" time="1.325" classname="mybank.testcases.WithdrawMoneyPageTest"/>
  <testcase name="Test2" time="0.26" classname="mybank.testcases.WithdrawMoneyPageTest"/>
  <testcase name="Test3" time="0.252" classname="mybank.testcases.WithdrawMoneyPageTest">
    <failure type="java.lang.AssertionError" message="expected [true] but found [false]">
      <![CDATA[java.lang.AssertionError: expected [true] but found [false]
at mybank.testcases.WithdrawMoneyPageTest.Test3(WithdrawMoneyPageTest.java:176)
... Removed 33 stack frames]]>
    </failure>
  </testcase> <!-- Test3 -->
  <testcase name="Test4" time="0.249" classname="mybank.testcases.WithdrawMoneyPageTest">
    <failure type="java.lang.AssertionError" message="expected [true] but found [false]">
      <![CDATA[java.lang.AssertionError: expected [true] but found [false]
at mybank.testcases.WithdrawMoneyPageTest.Test4(WithdrawMoneyPageTest.java:213)
... Removed 33 stack frames]]>
    </failure>
  </testcase> <!-- Test4 -->
  <testcase name="Test5" time="0.232" classname="mybank.testcases.WithdrawMoneyPageTest"/>
</testsuite> <!-- WithdrawMoneyPageTest -->
