<?xml version="1.0" encoding="UTF-8"?>
<!-- Generated by org.testng.reporters.JUnitXMLReporter -->
<testsuite hostname="NGL001340" ignored="0" name="LoginPageTest" tests="1" failures="1" timestamp="11 Dec 2021 06:29:37 GMT" time="7.348" errors="0">
  <testcase name="LoginTest" time="1.128" classname="mybank.testcases.UserLoginPageTest">
    <failure type="java.lang.AssertionError" message="expected [true] but found [false]">
      <![CDATA[java.lang.AssertionError: expected [true] but found [false]
	at mybank.testcases.UserLoginPageTest.LoginTest(UserLoginPageTest.java:38)
... Removed 29 stack frames]]>
    </failure>
  </testcase> <!-- LoginTest -->
</testsuite> <!-- LoginPageTest -->
