<?xml version="1.0" encoding="UTF-8"?>
<testsuite xmlns:xsi="http://www.w3.org/2001/XMLSchema-instance" xsi:noNamespaceSchemaLocation="https://maven.apache.org/surefire/maven-surefire-plugin/xsd/surefire-test-report.xsd" name="TestSuite" time="160.55" tests="57" errors="0" skipped="0" failures="12">
  <properties>
[...]
</properties>
  <testcase name="adminLoginTest" classname="mybank.testcases.AdminPageDDTest" time="0.986"/>
  <testcase name="adminLoginTest" classname="mybank.testcases.AdminPageDDTest" time="0.28">
    <failure message="expected [true] but found [false]" type="java.lang.AssertionError">java.lang.AssertionError: expected [true] but found [false]
	at mybank.testcases.AdminPageDDTest.adminLoginTest(AdminPageDDTest.java:48)
</failure>
    <system-out><![CDATA[Login Failed
ERROR [main] (Utilities.java:92)- Error occured with assert statement !
Admin Login Failed! !!
]]></system-out>
  </testcase>
  <testcase name="registeredUserPageAvabilityTest" classname="mybank.testcases.AdminRegisteredUsersPageTest" time="1.533"/>
  <testcase name="approveMoneyToUserAccountPageAvabilityTest" classname="mybank.testcases.ApproveMoneyToUserAccountPageTest" time="1.396"/>
  <testcase name="approveWithdrawalOfMoneyPageAvabilityTest" classname="mybank.testcases.ApproveWithdrawalOfMoneyPageTest" time="1.216"/>
  <testcase name="adminATMReqPageTest" classname="mybank.testcases.AdminAtmCardReqPageTest" time="1.349"/>
  <testcase name="LoginTest" classname="mybank.testcases.UserLoginPageTest" time="1.222"/>
  <testcase name="requestAtmPageAvabilityTest" classname="mybank.testcases.RequestAtmPageTest" time="1.308"/>
  <testcase name="addMoneyPageAvabilityTest" classname="mybank.testcases.AddMoneyPageTest" time="1.4"/>
  <testcase name="test2" classname="mybank.testcases.AddMoneyPageTest" time="0.308"/>
  <testcase name="test3" classname="mybank.testcases.AddMoneyPageTest" time="0.244"/>
  <testcase name="test4" classname="mybank.testcases.AddMoneyPageTest" time="0.219"/>
  <testcase name="addBeneficiaryTest" classname="mybank.testcases.AddBeneficiaryPageTest" time="10.38"/>
  <testcase name="invalidCredentialsTest" classname="mybank.testcases.AddBeneficiaryPageTest" time="0.737"/>
  <testcase name="userLoginTestWithcorrectData" classname="mybank.testcases.DDUserLoginPageTest" time="1.161"/>
  <testcase name="userLoginTestWithcorrectData" classname="mybank.testcases.DDUserLoginPageTest" time="0.442"/>
  <testcase name="userLoginTestWithcorrectData" classname="mybank.testcases.DDUserLoginPageTest" time="0.417"/>
  <testcase name="userLoginTestWithcorrectData" classname="mybank.testcases.DDUserLoginPageTest" time="0.495"/>
  <testcase name="userLoginTestWithcorrectData" classname="mybank.testcases.DDUserLoginPageTest" time="0.478"/>
  <testcase name="userLoginTestWithcorrectData" classname="mybank.testcases.DDUserLoginPageTest" time="0.556"/>
  <testcase name="userLoginTestWithcorrectData" classname="mybank.testcases.DDUserLoginPageTest" time="0.419"/>
  <testcase name="userLoginTestWithcorrectData" classname="mybank.testcases.DDUserLoginPageTest" time="0.398"/>
  <testcase name="userLoginTestWithcWrongData" classname="mybank.testcases.DDUserLoginPageTest" time="0.449">
    <failure message="expected [true] but found [false]" type="java.lang.AssertionError">java.lang.AssertionError: expected [true] but found [false]
	at mybank.testcases.DDUserLoginPageTest.userLoginTestWithcWrongData(DDUserLoginPageTest.java:72)
</failure>
    <system-out><![CDATA[Login Failed
ERROR [main] (Utilities.java:67)- Login Failed, invalid credientials or Your account could be blocked 
Admin Login Failed! !!
]]></system-out>
  </testcase>
  <testcase name="userLoginTestWithcWrongEmail" classname="mybank.testcases.DDUserLoginPageTest" time="0.368">
    <failure message="expected [true] but found [false]" type="java.lang.AssertionError">java.lang.AssertionError: expected [true] but found [false]
	at mybank.testcases.DDUserLoginPageTest.userLoginTestWithcWrongEmail(DDUserLoginPageTest.java:89)
</failure>
    <system-out><![CDATA[inside falure above ss
inside falure below ss = D:\MyBank-Workspace\mybank\screenshot\Wed-Dec-15-15-10-11-IST-2021.png
Login Failed
ERROR [main] (Utilities.java:67)- Login Failed, invalid credientials or Your account could be blocked 
Admin Login Failed! !!
]]></system-out>
  </testcase>
  <testcase name="userLoginTestWithcWrongEmail" classname="mybank.testcases.DDUserLoginPageTest" time="0.345">
    <failure message="expected [true] but found [false]" type="java.lang.AssertionError">java.lang.AssertionError: expected [true] but found [false]
	at mybank.testcases.DDUserLoginPageTest.userLoginTestWithcWrongEmail(DDUserLoginPageTest.java:89)
</failure>
    <system-out><![CDATA[inside falure above ss
inside falure below ss = D:\MyBank-Workspace\mybank\screenshot\Wed-Dec-15-15-10-12-IST-2021.png
Login Failed
ERROR [main] (Utilities.java:67)- Login Failed, invalid credientials or Your account could be blocked 
Admin Login Failed! !!
]]></system-out>
  </testcase>
  <testcase name="userLoginTestWithcWrongPass" classname="mybank.testcases.DDUserLoginPageTest" time="0.404">
    <failure message="expected [true] but found [false]" type="java.lang.AssertionError">java.lang.AssertionError: expected [true] but found [false]
	at mybank.testcases.DDUserLoginPageTest.userLoginTestWithcWrongPass(DDUserLoginPageTest.java:106)
</failure>
    <system-out><![CDATA[inside falure above ss
inside falure below ss = D:\MyBank-Workspace\mybank\screenshot\Wed-Dec-15-15-10-13-IST-2021.png
Login Failed
ERROR [main] (Utilities.java:67)- Login Failed, invalid credientials or Your account could be blocked 
Admin Login Failed! !!
]]></system-out>
  </testcase>
  <testcase name="userLoginTestWithcWrongPass" classname="mybank.testcases.DDUserLoginPageTest" time="0.356">
    <failure message="expected [true] but found [false]" type="java.lang.AssertionError">java.lang.AssertionError: expected [true] but found [false]
	at mybank.testcases.DDUserLoginPageTest.userLoginTestWithcWrongPass(DDUserLoginPageTest.java:106)
</failure>
    <system-out><![CDATA[inside falure above ss
inside falure below ss = D:\MyBank-Workspace\mybank\screenshot\Wed-Dec-15-15-10-14-IST-2021.png
Login Failed
ERROR [main] (Utilities.java:67)- Login Failed, invalid credientials or Your account could be blocked 
Admin Login Failed! !!
]]></system-out>
  </testcase>
  <testcase name="userLoginTestSensitive" classname="mybank.testcases.DDUserLoginPageTest" time="0.455">
    <failure message="expected [true] but found [false]" type="java.lang.AssertionError">java.lang.AssertionError: expected [true] but found [false]
	at mybank.testcases.DDUserLoginPageTest.userLoginTestSensitive(DDUserLoginPageTest.java:122)
</failure>
    <system-out><![CDATA[inside falure above ss
inside falure below ss = D:\MyBank-Workspace\mybank\screenshot\Wed-Dec-15-15-10-15-IST-2021.png
Login Failed
ERROR [main] (Utilities.java:67)- Login Failed, invalid credientials or Your account could be blocked 
Admin Login Failed! !!
]]></system-out>
  </testcase>
  <testcase name="userLoginTestSensitive" classname="mybank.testcases.DDUserLoginPageTest" time="0.352">
    <failure message="expected [true] but found [false]" type="java.lang.AssertionError">java.lang.AssertionError: expected [true] but found [false]
	at mybank.testcases.DDUserLoginPageTest.userLoginTestSensitive(DDUserLoginPageTest.java:122)
</failure>
    <system-out><![CDATA[inside falure above ss
inside falure below ss = D:\MyBank-Workspace\mybank\screenshot\Wed-Dec-15-15-10-16-IST-2021.png
Login Failed
ERROR [main] (Utilities.java:67)- Login Failed, invalid credientials or Your account could be blocked 
Admin Login Failed! !!
]]></system-out>
  </testcase>
  <testcase name="personalDetailsTest" classname="mybank.testcases.PersonalDetailsPageTest" time="3.546"/>
  <testcase name="TransactionRecordTest" classname="mybank.testcases.TransactionRecordPageTest" time="3.945">
    <failure message="The following asserts failed:&#10;	expected [true] but found [false],&#10;	expected [true] but found [false],&#10;	expected [true] but found [false],&#10;	expected [true] but found [false],&#10;	expected [true] but found [false],&#10;	expected [true] but found [false]" type="java.lang.AssertionError">java.lang.AssertionError: 
The following asserts failed:
	expected [true] but found [false],
	expected [true] but found [false],
	expected [true] but found [false],
	expected [true] but found [false],
	expected [true] but found [false],
	expected [true] but found [false]
	at mybank.testcases.TransactionRecordPageTest.TransactionRecordTest(TransactionRecordPageTest.java:84)
</failure>
    <system-out><![CDATA[ INFO [main] (PersonalDetailsPageTest.java:85)- All Done!
 INFO [main] (TransactionRecordPageTest.java:38)- before suit log..
 WARN [main] (TransactionRecordPageTest.java:41)- Browser just launched !
Login Failed
ERROR [main] (Utilities.java:67)- Login Failed, invalid credientials or Your account could be blocked 
Login Failed
ERROR [main] (Utilities.java:67)- Login Failed, invalid credientials or Your account could be blocked 
Login Failed
ERROR [main] (Utilities.java:67)- Login Failed, invalid credientials or Your account could be blocked 
Login Failed
ERROR [main] (Utilities.java:67)- Login Failed, invalid credientials or Your account could be blocked 
Login Failed
ERROR [main] (Utilities.java:67)- Login Failed, invalid credientials or Your account could be blocked 
Login Failed
ERROR [main] (Utilities.java:67)- Login Failed, invalid credientials or Your account could be blocked 
Logined
 INFO [main] (Utilities.java:63)- login successful / Test Succssfull
Full name is : Salman khan
page name : Salman khan
 INFO [main] (TransactionRecordPageTest.java:82)- User Credintials Matches with Database !
]]></system-out>
    <system-err><![CDATA[Starting ChromeDriver 96.0.4664.45 (76e4c1bb2ab4671b8beba3444e61c0f17584b2fc-refs/branch-heads/4664@{#947}) on port 56702
Only local connections are allowed.
Please see https://chromedriver.chromium.org/security-considerations for suggestions on keeping ChromeDriver safe.
ChromeDriver was started successfully.
Dec 15, 2021 3:10:31 PM org.openqa.selenium.remote.ProtocolHandshake createSession
INFO: Detected dialect: W3C
Dec 15, 2021 3:10:31 PM org.openqa.selenium.devtools.CdpVersionFinder findNearestMatch
WARNING: Unable to find an exact match for CDP version 96, so returning the closest version found: 95
Dec 15, 2021 3:10:31 PM org.openqa.selenium.devtools.CdpVersionFinder findNearestMatch
INFO: Found CDP implementation for version 96 of 95
]]></system-err>
  </testcase>
  <testcase name="requestAtmPageAvabilityTest" classname="mybank.testcases.WithdrawMoneyPageTest" time="1.325"/>
  <testcase name="Test2" classname="mybank.testcases.WithdrawMoneyPageTest" time="0.261"/>
  <testcase name="Test3" classname="mybank.testcases.WithdrawMoneyPageTest" time="0.252">
    <failure message="expected [true] but found [false]" type="java.lang.AssertionError">java.lang.AssertionError: expected [true] but found [false]
	at mybank.testcases.WithdrawMoneyPageTest.Test3(WithdrawMoneyPageTest.java:176)
</failure>
    <system-out><![CDATA[ERROR [main] (WithdrawMoneyPageTest.java:175)- Has sufficient balance,request sent for withdraw !
]]></system-out>
  </testcase>
  <testcase name="Test4" classname="mybank.testcases.WithdrawMoneyPageTest" time="0.249">
    <failure message="expected [true] but found [false]" type="java.lang.AssertionError">java.lang.AssertionError: expected [true] but found [false]
	at mybank.testcases.WithdrawMoneyPageTest.Test4(WithdrawMoneyPageTest.java:213)
</failure>
    <system-out><![CDATA[inside falure above ss
inside falure below ss = D:\MyBank-Workspace\mybank\screenshot\Wed-Dec-15-15-10-41-IST-2021.png
ERROR [main] (WithdrawMoneyPageTest.java:212)- Error occured while sending withdraw money req !
]]></system-out>
  </testcase>
  <testcase name="Test5" classname="mybank.testcases.WithdrawMoneyPageTest" time="0.231"/>
  <testcase name="LoginTest" classname="mybank.testcases.HomePageTest" time="1.022"/>
  <testcase name="mybankLogoClickTest" classname="mybank.testcases.HomePageTest" time="0.114"/>
  <testcase name="homeClickTest" classname="mybank.testcases.HomePageTest" time="0.103"/>
  <testcase name="featuresClickTest" classname="mybank.testcases.HomePageTest" time="0.183"/>
  <testcase name="aboutFAQsClickTest" classname="mybank.testcases.HomePageTest" time="0.259"/>
  <testcase name="contactUsClickTest" classname="mybank.testcases.HomePageTest" time="0.203"/>
  <testcase name="safetyBankingTipsClickTest" classname="mybank.testcases.HomePageTest" time="0.249"/>
  <testcase name="adminLoginClickTest" classname="mybank.testcases.HomePageTest" time="0.207"/>
  <testcase name="loginClickTest" classname="mybank.testcases.HomePageTest" time="0.188"/>
  <testcase name="signUpClickTest" classname="mybank.testcases.HomePageTest" time="0.202"/>
  <testcase name="contactUsTest" classname="mybank.testcases.HomePageTest" time="0.398">
    <failure message="element not interactable&#10;  (Session info: chrome=96.0.4664.93)&#10;Build info: version: &apos;4.0.0&apos;, revision: &apos;3a21814679&apos;&#10;System info: host: &apos;NGL001340&apos;, ip: &apos;192.168.0.106&apos;, os.name: &apos;Windows 10&apos;, os.arch: &apos;amd64&apos;, os.version: &apos;10.0&apos;, java.version: &apos;1.8.0_92&apos;&#10;Driver info: org.openqa.selenium.chrome.ChromeDriver&#10;Command: [3f6d50f4d80f17e1927284849c78c30b, clickElement {id=80f44ef7-5dc1-49ca-ade6-8d578505a35f}]&#10;Capabilities {acceptInsecureCerts: false, browserName: chrome, browserVersion: 96.0.4664.93, chrome: {chromedriverVersion: 96.0.4664.45 (76e4c1bb2ab46..., userDataDir: C:\Users\YASH_S~1\AppData\L...}, goog:chromeOptions: {debuggerAddress: localhost:51978}, javascriptEnabled: true, networkConnectionEnabled: false, pageLoadStrategy: normal, platform: WINDOWS, platformName: WINDOWS, proxy: Proxy(), se:cdp: ws://localhost:51978/devtoo..., se:cdpVersion: 96.0.4664.93, setWindowRect: true, strictFileInteractability: false, timeouts: {implicit: 0, pageLoad: 300000, script: 30000}, unhandledPromptBehavior: dismiss and notify, webauthn:extension:credBlob: true, webauthn:extension:largeBlob: true, webauthn:virtualAuthenticators: true}&#10;Element: [[ChromeDriver: chrome on WINDOWS (3f6d50f4d80f17e1927284849c78c30b)] -&gt; css selector: .col-sm-4:nth-child(1) &gt; h3]&#10;Session ID: 3f6d50f4d80f17e1927284849c78c30b" type="org.openqa.selenium.ElementNotInteractableException">org.openqa.selenium.ElementNotInteractableException: 
element not interactable
  (Session info: chrome=96.0.4664.93)
Build info: version: '4.0.0', revision: '3a21814679'
System info: host: 'NGL001340', ip: '192.168.0.106', os.name: 'Windows 10', os.arch: 'amd64', os.version: '10.0', java.version: '1.8.0_92'
Driver info: org.openqa.selenium.chrome.ChromeDriver
Command: [3f6d50f4d80f17e1927284849c78c30b, clickElement {id=80f44ef7-5dc1-49ca-ade6-8d578505a35f}]
Capabilities {acceptInsecureCerts: false, browserName: chrome, browserVersion: 96.0.4664.93, chrome: {chromedriverVersion: 96.0.4664.45 (76e4c1bb2ab46..., userDataDir: C:\Users\YASH_S~1\AppData\L...}, goog:chromeOptions: {debuggerAddress: localhost:51978}, javascriptEnabled: true, networkConnectionEnabled: false, pageLoadStrategy: normal, platform: WINDOWS, platformName: WINDOWS, proxy: Proxy(), se:cdp: ws://localhost:51978/devtoo..., se:cdpVersion: 96.0.4664.93, setWindowRect: true, strictFileInteractability: false, timeouts: {implicit: 0, pageLoad: 300000, script: 30000}, unhandledPromptBehavior: dismiss and notify, webauthn:extension:credBlob: true, webauthn:extension:largeBlob: true, webauthn:virtualAuthenticators: true}
Element: [[ChromeDriver: chrome on WINDOWS (3f6d50f4d80f17e1927284849c78c30b)] -> css selector: .col-sm-4:nth-child(1) > h3]
Session ID: 3f6d50f4d80f17e1927284849c78c30b
	at mybank.testcases.HomePageTest.contactUsTest(HomePageTest.java:299)
</failure>
  </testcase>
  <testcase name="redirectSafetyTips" classname="mybank.testcases.HomePageTest" time="0.28"/>
  <testcase name="redirectFacebook" classname="mybank.testcases.HomePageTest" time="1.966"/>
  <testcase name="redirectTwitter" classname="mybank.testcases.HomePageTest" time="5.439"/>
  <testcase name="redirectYoutube" classname="mybank.testcases.HomePageTest" time="7.687"/>
  <testcase name="redirectGoogle" classname="mybank.testcases.HomePageTest" time="1.906"/>
  <testcase name="redirectInstagram" classname="mybank.testcases.HomePageTest" time="4.185"/>
  <testcase name="redirectLinkedIn" classname="mybank.testcases.HomePageTest" time="2.387"/>
  <testcase name="EnterData" classname="mybank.testcases.SignUpPageTest" time="3.853"/>
  <testcase name="SignUpWithInvalidEmailId" classname="mybank.testcases.SignUpPageValidationTest" time="2.817"/>
  <testcase name="signWithInvalidAccNumber" classname="mybank.testcases.SignUpPageValidationTest" time="0.369"/>
</testsuite>