<?xml version="1.0" encoding="UTF-8"?>
<testsuite xmlns:xsi="http://www.w3.org/2001/XMLSchema-instance" xsi:noNamespaceSchemaLocation="https://maven.apache.org/surefire/maven-surefire-plugin/xsd/surefire-test-report.xsd" name="TestSuite" time="178.698" tests="80" errors="0" skipped="0" failures="38">
  <properties>
[...]
</properties>
  <testcase name="LoginTest" classname="mybank.testcases.UserLoginPageTest" time="1.186"/>
  <testcase name="requestAtmPageAvabilityTest" classname="mybank.testcases.RequestAtmPageTest" time="2.008"/>
  <testcase name="adminLoginTest" classname="mybank.testcases.AdminPageDDTest" time="1.139"/>
  <testcase name="registeredUserPageAvabilityTest" classname="mybank.testcases.AdminRegisteredUsersPageTest" time="2.037"/>
  <testcase name="approveMoneyToUserAccountPageAvabilityTest" classname="mybank.testcases.ApproveMoneyToUserAccountPageTest" time="1.568"/>
  <testcase name="approveWithdrawalOfMoneyPageAvabilityTest" classname="mybank.testcases.ApproveWithdrawalOfMoneyPageTest" time="1.683"/>
  <testcase name="adminATMReqPageTest" classname="mybank.testcases.AdminAtmCardReqPageTest" time="1.685"/>
  <testcase name="addMoneyPageAvabilityTest" classname="mybank.testcases.AddMoneyPageTest" time="1.636"/>
  <testcase name="test2" classname="mybank.testcases.AddMoneyPageTest" time="0.478"/>
  <testcase name="test3" classname="mybank.testcases.AddMoneyPageTest" time="0.361"/>
  <testcase name="test4" classname="mybank.testcases.AddMoneyPageTest" time="0.323"/>
  <testcase name="addBeneficiaryTest" classname="mybank.testcases.AddBeneficiaryPageTest" time="4.136"/>
  <testcase name="invalidCredentialsTest" classname="mybank.testcases.AddBeneficiaryPageTest" time="0.693"/>
  <testcase name="userLoginTestWithcorrectData" classname="mybank.testcases.DDUserLoginPageTest" time="0.902"/>
  <testcase name="userLoginTestWithcorrectData" classname="mybank.testcases.DDUserLoginPageTest" time="0.335"/>
  <testcase name="userLoginTestWithcorrectData" classname="mybank.testcases.DDUserLoginPageTest" time="0.437">
    <failure message="expected [true] but found [false]" type="java.lang.AssertionError">java.lang.AssertionError: expected [true] but found [false]
	at mybank.testcases.DDUserLoginPageTest.userLoginTestWithcorrectData(DDUserLoginPageTest.java:57)
</failure>
    <system-out><![CDATA[Login Failed
ERROR [main] (Utilities.java:69)- Login Failed, invalid credientials or Your account could be blocked 
 INFO [main] (DDUserLoginPageTest.java:55)- User Login Failed !!
]]></system-out>
  </testcase>
  <testcase name="userLoginTestWithcorrectData" classname="mybank.testcases.DDUserLoginPageTest" time="0.377"/>
  <testcase name="userLoginTestWithcorrectData" classname="mybank.testcases.DDUserLoginPageTest" time="0.399"/>
  <testcase name="userLoginTestWithcorrectData" classname="mybank.testcases.DDUserLoginPageTest" time="0.463"/>
  <testcase name="userLoginTestWithcorrectData" classname="mybank.testcases.DDUserLoginPageTest" time="0.394">
    <failure message="expected [true] but found [false]" type="java.lang.AssertionError">java.lang.AssertionError: expected [true] but found [false]
	at mybank.testcases.DDUserLoginPageTest.userLoginTestWithcorrectData(DDUserLoginPageTest.java:57)
</failure>
    <system-out><![CDATA[Login Failed
ERROR [main] (Utilities.java:69)- Login Failed, invalid credientials or Your account could be blocked 
 INFO [main] (DDUserLoginPageTest.java:55)- User Login Failed !!
]]></system-out>
  </testcase>
  <testcase name="userLoginTestWithcorrectData" classname="mybank.testcases.DDUserLoginPageTest" time="0.308">
    <failure message="expected [true] but found [false]" type="java.lang.AssertionError">java.lang.AssertionError: expected [true] but found [false]
	at mybank.testcases.DDUserLoginPageTest.userLoginTestWithcorrectData(DDUserLoginPageTest.java:57)
</failure>
    <system-out><![CDATA[Login Failed
ERROR [main] (Utilities.java:69)- Login Failed, invalid credientials or Your account could be blocked 
 INFO [main] (DDUserLoginPageTest.java:55)- User Login Failed !!
]]></system-out>
  </testcase>
  <testcase name="userLoginTestWithcWrongData" classname="mybank.testcases.DDUserLoginPageTest" time="0.331">
    <failure message="expected [true] but found [false]" type="java.lang.AssertionError">java.lang.AssertionError: expected [true] but found [false]
	at mybank.testcases.DDUserLoginPageTest.userLoginTestWithcWrongData(DDUserLoginPageTest.java:74)
</failure>
    <system-out><![CDATA[Login Failed
ERROR [main] (Utilities.java:69)- Login Failed, invalid credientials or Your account could be blocked 
 INFO [main] (DDUserLoginPageTest.java:72)- User Login Failed !!
]]></system-out>
  </testcase>
  <testcase name="userLoginTestWithcWrongData" classname="mybank.testcases.DDUserLoginPageTest" time="0.31">
    <failure message="expected [true] but found [false]" type="java.lang.AssertionError">java.lang.AssertionError: expected [true] but found [false]
	at mybank.testcases.DDUserLoginPageTest.userLoginTestWithcWrongData(DDUserLoginPageTest.java:74)
</failure>
    <system-out><![CDATA[Login Failed
ERROR [main] (Utilities.java:69)- Login Failed, invalid credientials or Your account could be blocked 
 INFO [main] (DDUserLoginPageTest.java:72)- User Login Failed !!
]]></system-out>
  </testcase>
  <testcase name="userLoginTestWithcWrongData" classname="mybank.testcases.DDUserLoginPageTest" time="0.308">
    <failure message="expected [true] but found [false]" type="java.lang.AssertionError">java.lang.AssertionError: expected [true] but found [false]
	at mybank.testcases.DDUserLoginPageTest.userLoginTestWithcWrongData(DDUserLoginPageTest.java:74)
</failure>
    <system-out><![CDATA[Login Failed
ERROR [main] (Utilities.java:69)- Login Failed, invalid credientials or Your account could be blocked 
 INFO [main] (DDUserLoginPageTest.java:72)- User Login Failed !!
]]></system-out>
  </testcase>
  <testcase name="userLoginTestWithcWrongData" classname="mybank.testcases.DDUserLoginPageTest" time="0.29">
    <failure message="expected [true] but found [false]" type="java.lang.AssertionError">java.lang.AssertionError: expected [true] but found [false]
	at mybank.testcases.DDUserLoginPageTest.userLoginTestWithcWrongData(DDUserLoginPageTest.java:74)
</failure>
    <system-out><![CDATA[Login Failed
ERROR [main] (Utilities.java:69)- Login Failed, invalid credientials or Your account could be blocked 
 INFO [main] (DDUserLoginPageTest.java:72)- User Login Failed !!
]]></system-out>
  </testcase>
  <testcase name="userLoginTestWithcWrongData" classname="mybank.testcases.DDUserLoginPageTest" time="0.294">
    <failure message="expected [true] but found [false]" type="java.lang.AssertionError">java.lang.AssertionError: expected [true] but found [false]
	at mybank.testcases.DDUserLoginPageTest.userLoginTestWithcWrongData(DDUserLoginPageTest.java:74)
</failure>
    <system-out><![CDATA[Login Failed
ERROR [main] (Utilities.java:69)- Login Failed, invalid credientials or Your account could be blocked 
 INFO [main] (DDUserLoginPageTest.java:72)- User Login Failed !!
]]></system-out>
  </testcase>
  <testcase name="userLoginTestWithcWrongData" classname="mybank.testcases.DDUserLoginPageTest" time="0.22">
    <failure message="expected [true] but found [false]" type="java.lang.AssertionError">java.lang.AssertionError: expected [true] but found [false]
	at mybank.testcases.DDUserLoginPageTest.userLoginTestWithcWrongData(DDUserLoginPageTest.java:74)
</failure>
    <system-out><![CDATA[Login Failed
ERROR [main] (Utilities.java:69)- Login Failed, invalid credientials or Your account could be blocked 
 INFO [main] (DDUserLoginPageTest.java:72)- User Login Failed !!
]]></system-out>
  </testcase>
  <testcase name="userLoginTestWithcWrongData" classname="mybank.testcases.DDUserLoginPageTest" time="0.236">
    <failure message="expected [true] but found [false]" type="java.lang.AssertionError">java.lang.AssertionError: expected [true] but found [false]
	at mybank.testcases.DDUserLoginPageTest.userLoginTestWithcWrongData(DDUserLoginPageTest.java:74)
</failure>
    <system-out><![CDATA[Login Failed
ERROR [main] (Utilities.java:69)- Login Failed, invalid credientials or Your account could be blocked 
 INFO [main] (DDUserLoginPageTest.java:72)- User Login Failed !!
]]></system-out>
  </testcase>
  <testcase name="userLoginTestWithcWrongEmail" classname="mybank.testcases.DDUserLoginPageTest" time="0.306">
    <failure message="expected [true] but found [false]" type="java.lang.AssertionError">java.lang.AssertionError: expected [true] but found [false]
	at mybank.testcases.DDUserLoginPageTest.userLoginTestWithcWrongEmail(DDUserLoginPageTest.java:91)
</failure>
    <system-out><![CDATA[Login Failed
ERROR [main] (Utilities.java:69)- Login Failed, invalid credientials or Your account could be blocked 
 INFO [main] (DDUserLoginPageTest.java:89)- User Login Failed !!
]]></system-out>
  </testcase>
  <testcase name="userLoginTestWithcWrongEmail" classname="mybank.testcases.DDUserLoginPageTest" time="0.264">
    <failure message="expected [true] but found [false]" type="java.lang.AssertionError">java.lang.AssertionError: expected [true] but found [false]
	at mybank.testcases.DDUserLoginPageTest.userLoginTestWithcWrongEmail(DDUserLoginPageTest.java:91)
</failure>
    <system-out><![CDATA[Login Failed
ERROR [main] (Utilities.java:69)- Login Failed, invalid credientials or Your account could be blocked 
 INFO [main] (DDUserLoginPageTest.java:89)- User Login Failed !!
]]></system-out>
  </testcase>
  <testcase name="userLoginTestWithcWrongEmail" classname="mybank.testcases.DDUserLoginPageTest" time="0.3">
    <failure message="expected [true] but found [false]" type="java.lang.AssertionError">java.lang.AssertionError: expected [true] but found [false]
	at mybank.testcases.DDUserLoginPageTest.userLoginTestWithcWrongEmail(DDUserLoginPageTest.java:91)
</failure>
    <system-out><![CDATA[Login Failed
ERROR [main] (Utilities.java:69)- Login Failed, invalid credientials or Your account could be blocked 
 INFO [main] (DDUserLoginPageTest.java:89)- User Login Failed !!
]]></system-out>
  </testcase>
  <testcase name="userLoginTestWithcWrongEmail" classname="mybank.testcases.DDUserLoginPageTest" time="0.294">
    <failure message="expected [true] but found [false]" type="java.lang.AssertionError">java.lang.AssertionError: expected [true] but found [false]
	at mybank.testcases.DDUserLoginPageTest.userLoginTestWithcWrongEmail(DDUserLoginPageTest.java:91)
</failure>
    <system-out><![CDATA[Login Failed
ERROR [main] (Utilities.java:69)- Login Failed, invalid credientials or Your account could be blocked 
 INFO [main] (DDUserLoginPageTest.java:89)- User Login Failed !!
]]></system-out>
  </testcase>
  <testcase name="userLoginTestWithcWrongEmail" classname="mybank.testcases.DDUserLoginPageTest" time="0.558">
    <failure message="expected [true] but found [false]" type="java.lang.AssertionError">java.lang.AssertionError: expected [true] but found [false]
	at mybank.testcases.DDUserLoginPageTest.userLoginTestWithcWrongEmail(DDUserLoginPageTest.java:91)
</failure>
    <system-out><![CDATA[Login Failed
ERROR [main] (Utilities.java:69)- Login Failed, invalid credientials or Your account could be blocked 
 INFO [main] (DDUserLoginPageTest.java:89)- User Login Failed !!
]]></system-out>
  </testcase>
  <testcase name="userLoginTestWithcWrongEmail" classname="mybank.testcases.DDUserLoginPageTest" time="0.451">
    <failure message="expected [true] but found [false]" type="java.lang.AssertionError">java.lang.AssertionError: expected [true] but found [false]
	at mybank.testcases.DDUserLoginPageTest.userLoginTestWithcWrongEmail(DDUserLoginPageTest.java:91)
</failure>
    <system-out><![CDATA[Login Failed
ERROR [main] (Utilities.java:69)- Login Failed, invalid credientials or Your account could be blocked 
 INFO [main] (DDUserLoginPageTest.java:89)- User Login Failed !!
]]></system-out>
  </testcase>
  <testcase name="userLoginTestWithcWrongEmail" classname="mybank.testcases.DDUserLoginPageTest" time="0.4">
    <failure message="expected [true] but found [false]" type="java.lang.AssertionError">java.lang.AssertionError: expected [true] but found [false]
	at mybank.testcases.DDUserLoginPageTest.userLoginTestWithcWrongEmail(DDUserLoginPageTest.java:91)
</failure>
    <system-out><![CDATA[Login Failed
ERROR [main] (Utilities.java:69)- Login Failed, invalid credientials or Your account could be blocked 
 INFO [main] (DDUserLoginPageTest.java:89)- User Login Failed !!
]]></system-out>
  </testcase>
  <testcase name="userLoginTestWithcWrongEmail" classname="mybank.testcases.DDUserLoginPageTest" time="0.253">
    <failure message="expected [true] but found [false]" type="java.lang.AssertionError">java.lang.AssertionError: expected [true] but found [false]
	at mybank.testcases.DDUserLoginPageTest.userLoginTestWithcWrongEmail(DDUserLoginPageTest.java:91)
</failure>
    <system-out><![CDATA[Login Failed
ERROR [main] (Utilities.java:69)- Login Failed, invalid credientials or Your account could be blocked 
 INFO [main] (DDUserLoginPageTest.java:89)- User Login Failed !!
]]></system-out>
  </testcase>
  <testcase name="userLoginTestWithcWrongPass" classname="mybank.testcases.DDUserLoginPageTest" time="0.331">
    <failure message="expected [true] but found [false]" type="java.lang.AssertionError">java.lang.AssertionError: expected [true] but found [false]
	at mybank.testcases.DDUserLoginPageTest.userLoginTestWithcWrongPass(DDUserLoginPageTest.java:108)
</failure>
    <system-out><![CDATA[Login Failed
ERROR [main] (Utilities.java:69)- Login Failed, invalid credientials or Your account could be blocked 
 INFO [main] (DDUserLoginPageTest.java:106)- User Login Failed !!
]]></system-out>
  </testcase>
  <testcase name="userLoginTestWithcWrongPass" classname="mybank.testcases.DDUserLoginPageTest" time="0.258">
    <failure message="expected [true] but found [false]" type="java.lang.AssertionError">java.lang.AssertionError: expected [true] but found [false]
	at mybank.testcases.DDUserLoginPageTest.userLoginTestWithcWrongPass(DDUserLoginPageTest.java:108)
</failure>
    <system-out><![CDATA[Login Failed
ERROR [main] (Utilities.java:69)- Login Failed, invalid credientials or Your account could be blocked 
 INFO [main] (DDUserLoginPageTest.java:106)- User Login Failed !!
]]></system-out>
  </testcase>
  <testcase name="userLoginTestWithcWrongPass" classname="mybank.testcases.DDUserLoginPageTest" time="0.309">
    <failure message="expected [true] but found [false]" type="java.lang.AssertionError">java.lang.AssertionError: expected [true] but found [false]
	at mybank.testcases.DDUserLoginPageTest.userLoginTestWithcWrongPass(DDUserLoginPageTest.java:108)
</failure>
    <system-out><![CDATA[Login Failed
ERROR [main] (Utilities.java:69)- Login Failed, invalid credientials or Your account could be blocked 
 INFO [main] (DDUserLoginPageTest.java:106)- User Login Failed !!
]]></system-out>
  </testcase>
  <testcase name="userLoginTestWithcWrongPass" classname="mybank.testcases.DDUserLoginPageTest" time="0.221">
    <failure message="expected [true] but found [false]" type="java.lang.AssertionError">java.lang.AssertionError: expected [true] but found [false]
	at mybank.testcases.DDUserLoginPageTest.userLoginTestWithcWrongPass(DDUserLoginPageTest.java:108)
</failure>
    <system-out><![CDATA[Login Failed
ERROR [main] (Utilities.java:69)- Login Failed, invalid credientials or Your account could be blocked 
 INFO [main] (DDUserLoginPageTest.java:106)- User Login Failed !!
]]></system-out>
  </testcase>
  <testcase name="userLoginTestWithcWrongPass" classname="mybank.testcases.DDUserLoginPageTest" time="0.295">
    <failure message="expected [true] but found [false]" type="java.lang.AssertionError">java.lang.AssertionError: expected [true] but found [false]
	at mybank.testcases.DDUserLoginPageTest.userLoginTestWithcWrongPass(DDUserLoginPageTest.java:108)
</failure>
    <system-out><![CDATA[Login Failed
ERROR [main] (Utilities.java:69)- Login Failed, invalid credientials or Your account could be blocked 
 INFO [main] (DDUserLoginPageTest.java:106)- User Login Failed !!
]]></system-out>
  </testcase>
  <testcase name="userLoginTestWithcWrongPass" classname="mybank.testcases.DDUserLoginPageTest" time="0.319">
    <failure message="expected [true] but found [false]" type="java.lang.AssertionError">java.lang.AssertionError: expected [true] but found [false]
	at mybank.testcases.DDUserLoginPageTest.userLoginTestWithcWrongPass(DDUserLoginPageTest.java:108)
</failure>
    <system-out><![CDATA[Login Failed
ERROR [main] (Utilities.java:69)- Login Failed, invalid credientials or Your account could be blocked 
 INFO [main] (DDUserLoginPageTest.java:106)- User Login Failed !!
]]></system-out>
  </testcase>
  <testcase name="userLoginTestWithcWrongPass" classname="mybank.testcases.DDUserLoginPageTest" time="0.212">
    <failure message="expected [true] but found [false]" type="java.lang.AssertionError">java.lang.AssertionError: expected [true] but found [false]
	at mybank.testcases.DDUserLoginPageTest.userLoginTestWithcWrongPass(DDUserLoginPageTest.java:108)
</failure>
    <system-out><![CDATA[Login Failed
ERROR [main] (Utilities.java:69)- Login Failed, invalid credientials or Your account could be blocked 
 INFO [main] (DDUserLoginPageTest.java:106)- User Login Failed !!
]]></system-out>
  </testcase>
  <testcase name="userLoginTestWithcWrongPass" classname="mybank.testcases.DDUserLoginPageTest" time="0.27">
    <failure message="expected [true] but found [false]" type="java.lang.AssertionError">java.lang.AssertionError: expected [true] but found [false]
	at mybank.testcases.DDUserLoginPageTest.userLoginTestWithcWrongPass(DDUserLoginPageTest.java:108)
</failure>
    <system-out><![CDATA[Login Failed
ERROR [main] (Utilities.java:69)- Login Failed, invalid credientials or Your account could be blocked 
 INFO [main] (DDUserLoginPageTest.java:106)- User Login Failed !!
]]></system-out>
  </testcase>
  <testcase name="userLoginTestSensitive" classname="mybank.testcases.DDUserLoginPageTest" time="0.245">
    <failure message="expected [true] but found [false]" type="java.lang.AssertionError">java.lang.AssertionError: expected [true] but found [false]
	at mybank.testcases.DDUserLoginPageTest.userLoginTestSensitive(DDUserLoginPageTest.java:125)
</failure>
    <system-out><![CDATA[Login Failed
ERROR [main] (Utilities.java:69)- Login Failed, invalid credientials or Your account could be blocked 
 INFO [main] (DDUserLoginPageTest.java:123)- User Login Failed !!
]]></system-out>
  </testcase>
  <testcase name="userLoginTestSensitive" classname="mybank.testcases.DDUserLoginPageTest" time="0.3">
    <failure message="expected [true] but found [false]" type="java.lang.AssertionError">java.lang.AssertionError: expected [true] but found [false]
	at mybank.testcases.DDUserLoginPageTest.userLoginTestSensitive(DDUserLoginPageTest.java:125)
</failure>
    <system-out><![CDATA[Login Failed
ERROR [main] (Utilities.java:69)- Login Failed, invalid credientials or Your account could be blocked 
 INFO [main] (DDUserLoginPageTest.java:123)- User Login Failed !!
]]></system-out>
  </testcase>
  <testcase name="userLoginTestSensitive" classname="mybank.testcases.DDUserLoginPageTest" time="0.274">
    <failure message="expected [true] but found [false]" type="java.lang.AssertionError">java.lang.AssertionError: expected [true] but found [false]
	at mybank.testcases.DDUserLoginPageTest.userLoginTestSensitive(DDUserLoginPageTest.java:125)
</failure>
    <system-out><![CDATA[Login Failed
ERROR [main] (Utilities.java:69)- Login Failed, invalid credientials or Your account could be blocked 
 INFO [main] (DDUserLoginPageTest.java:123)- User Login Failed !!
]]></system-out>
  </testcase>
  <testcase name="userLoginTestSensitive" classname="mybank.testcases.DDUserLoginPageTest" time="0.324"/>
  <testcase name="userLoginTestSensitive" classname="mybank.testcases.DDUserLoginPageTest" time="0.274">
    <failure message="expected [true] but found [false]" type="java.lang.AssertionError">java.lang.AssertionError: expected [true] but found [false]
	at mybank.testcases.DDUserLoginPageTest.userLoginTestSensitive(DDUserLoginPageTest.java:125)
</failure>
    <system-out><![CDATA[Login Failed
ERROR [main] (Utilities.java:69)- Login Failed, invalid credientials or Your account could be blocked 
 INFO [main] (DDUserLoginPageTest.java:123)- User Login Failed !!
]]></system-out>
  </testcase>
  <testcase name="userLoginTestSensitive" classname="mybank.testcases.DDUserLoginPageTest" time="0.239">
    <failure message="expected [true] but found [false]" type="java.lang.AssertionError">java.lang.AssertionError: expected [true] but found [false]
	at mybank.testcases.DDUserLoginPageTest.userLoginTestSensitive(DDUserLoginPageTest.java:125)
</failure>
    <system-out><![CDATA[Login Failed
ERROR [main] (Utilities.java:69)- Login Failed, invalid credientials or Your account could be blocked 
 INFO [main] (DDUserLoginPageTest.java:123)- User Login Failed !!
]]></system-out>
  </testcase>
  <testcase name="userLoginTestSensitive" classname="mybank.testcases.DDUserLoginPageTest" time="0.216">
    <failure message="expected [true] but found [false]" type="java.lang.AssertionError">java.lang.AssertionError: expected [true] but found [false]
	at mybank.testcases.DDUserLoginPageTest.userLoginTestSensitive(DDUserLoginPageTest.java:125)
</failure>
    <system-out><![CDATA[Login Failed
ERROR [main] (Utilities.java:69)- Login Failed, invalid credientials or Your account could be blocked 
 INFO [main] (DDUserLoginPageTest.java:123)- User Login Failed !!
]]></system-out>
  </testcase>
  <testcase name="userLoginTestSensitive" classname="mybank.testcases.DDUserLoginPageTest" time="0.287">
    <failure message="expected [true] but found [false]" type="java.lang.AssertionError">java.lang.AssertionError: expected [true] but found [false]
	at mybank.testcases.DDUserLoginPageTest.userLoginTestSensitive(DDUserLoginPageTest.java:125)
</failure>
    <system-out><![CDATA[Login Failed
ERROR [main] (Utilities.java:69)- Login Failed, invalid credientials or Your account could be blocked 
 INFO [main] (DDUserLoginPageTest.java:123)- User Login Failed !!
]]></system-out>
  </testcase>
  <testcase name="personalDetailsTest" classname="mybank.testcases.PersonalDetailsPageTest" time="1.946">
    <failure message="The following asserts failed:&#10;	Account Number Matches !! expected [987654321312] but found [&quot;987654321312&quot;]" type="java.lang.AssertionError">java.lang.AssertionError: 
The following asserts failed:
	Account Number Matches !! expected [987654321312] but found ["987654321312"]
	at mybank.testcases.PersonalDetailsPageTest.personalDetailsTest(PersonalDetailsPageTest.java:79)
</failure>
    <system-out><![CDATA[ INFO [main] (PersonalDetailsPageTest.java:35)- before suit log..
 WARN [main] (PersonalDetailsPageTest.java:38)- Browser just launched !
Login Failed
ERROR [main] (Utilities.java:69)- Login Failed, invalid credientials or Your account could be blocked 
Logined
 INFO [main] (Utilities.java:65)- login successful / Test Succssfull
 INFO [main] (PersonalDetailsPageTest.java:76)- User Credintials Matches with Database !
]]></system-out>
    <system-err><![CDATA[Starting ChromeDriver 96.0.4664.45 (76e4c1bb2ab4671b8beba3444e61c0f17584b2fc-refs/branch-heads/4664@{#947}) on port 64364
Only local connections are allowed.
Please see https://chromedriver.chromium.org/security-considerations for suggestions on keeping ChromeDriver safe.
ChromeDriver was started successfully.
Dec 17, 2021 4:54:24 PM org.openqa.selenium.remote.ProtocolHandshake createSession
INFO: Detected dialect: W3C
Dec 17, 2021 4:54:24 PM org.openqa.selenium.devtools.CdpVersionFinder findNearestMatch
WARNING: Unable to find an exact match for CDP version 96, so returning the closest version found: 95
Dec 17, 2021 4:54:24 PM org.openqa.selenium.devtools.CdpVersionFinder findNearestMatch
INFO: Found CDP implementation for version 96 of 95
]]></system-err>
  </testcase>
  <testcase name="TransactionRecordTest" classname="mybank.testcases.TransactionRecordPageTest" time="2.092">
    <failure message="The following asserts failed:&#10;	expected [true] but found [false],&#10;	Account Number Matches !! expected [987654321312] but found [&quot;987654321312&quot;]" type="java.lang.AssertionError">java.lang.AssertionError: 
The following asserts failed:
	expected [true] but found [false],
	Account Number Matches !! expected [987654321312] but found ["987654321312"]
	at mybank.testcases.TransactionRecordPageTest.TransactionRecordTest(TransactionRecordPageTest.java:84)
</failure>
    <system-out><![CDATA[ INFO [main] (PersonalDetailsPageTest.java:94)- All Done!
 INFO [main] (TransactionRecordPageTest.java:38)- before suit log..
 WARN [main] (TransactionRecordPageTest.java:41)- Browser just launched !
Login Failed
ERROR [main] (Utilities.java:69)- Login Failed, invalid credientials or Your account could be blocked 
Logined
 INFO [main] (Utilities.java:65)- login successful / Test Succssfull
Full name is : Ankita Kore
page name : Ankita Kore
 INFO [main] (TransactionRecordPageTest.java:82)- User Credintials Matches with Database !
]]></system-out>
    <system-err><![CDATA[Starting ChromeDriver 96.0.4664.45 (76e4c1bb2ab4671b8beba3444e61c0f17584b2fc-refs/branch-heads/4664@{#947}) on port 59834
Only local connections are allowed.
Please see https://chromedriver.chromium.org/security-considerations for suggestions on keeping ChromeDriver safe.
ChromeDriver was started successfully.
Dec 17, 2021 4:54:30 PM org.openqa.selenium.remote.ProtocolHandshake createSession
INFO: Detected dialect: W3C
Dec 17, 2021 4:54:30 PM org.openqa.selenium.devtools.CdpVersionFinder findNearestMatch
WARNING: Unable to find an exact match for CDP version 96, so returning the closest version found: 95
Dec 17, 2021 4:54:30 PM org.openqa.selenium.devtools.CdpVersionFinder findNearestMatch
INFO: Found CDP implementation for version 96 of 95
]]></system-err>
  </testcase>
  <testcase name="requestAtmPageAvabilityTest" classname="mybank.testcases.WithdrawMoneyPageTest" time="1.445"/>
  <testcase name="Test2" classname="mybank.testcases.WithdrawMoneyPageTest" time="0.402"/>
  <testcase name="Test3" classname="mybank.testcases.WithdrawMoneyPageTest" time="0.275">
    <failure message="expected [true] but found [false]" type="java.lang.AssertionError">java.lang.AssertionError: expected [true] but found [false]
	at mybank.testcases.WithdrawMoneyPageTest.Test3(WithdrawMoneyPageTest.java:181)
</failure>
    <system-out><![CDATA[ERROR [main] (WithdrawMoneyPageTest.java:180)- Has sufficient balance,request sent for withdraw !
]]></system-out>
  </testcase>
  <testcase name="Test4" classname="mybank.testcases.WithdrawMoneyPageTest" time="0.266">
    <failure message="expected [true] but found [false]" type="java.lang.AssertionError">java.lang.AssertionError: expected [true] but found [false]
	at mybank.testcases.WithdrawMoneyPageTest.Test4(WithdrawMoneyPageTest.java:219)
</failure>
    <system-out><![CDATA[ERROR [main] (WithdrawMoneyPageTest.java:218)- Error occured while sending withdraw money req !
]]></system-out>
  </testcase>
  <testcase name="Test5" classname="mybank.testcases.WithdrawMoneyPageTest" time="0.204"/>
  <testcase name="EnterData" classname="mybank.testcases.SignUpPageTest" time="6.53"/>
  <testcase name="SignUpWithInvalidEmailId" classname="mybank.testcases.SignUpPageValidationTest" time="1.25">
    <failure message="no such alert&#10;  (Session info: chrome=96.0.4664.110)&#10;Build info: version: &apos;4.0.0&apos;, revision: &apos;3a21814679&apos;&#10;System info: host: &apos;NGL001340&apos;, ip: &apos;192.168.0.106&apos;, os.name: &apos;Windows 10&apos;, os.arch: &apos;amd64&apos;, os.version: &apos;10.0&apos;, java.version: &apos;1.8.0_92&apos;&#10;Driver info: org.openqa.selenium.chrome.ChromeDriver&#10;Command: [d2e32ba35f1edae85abd93238a608952, getAlertText {}]&#10;Capabilities {acceptInsecureCerts: false, browserName: chrome, browserVersion: 96.0.4664.110, chrome: {chromedriverVersion: 96.0.4664.45 (76e4c1bb2ab46..., userDataDir: C:\Users\YASH_S~1\AppData\L...}, goog:chromeOptions: {debuggerAddress: localhost:50234}, javascriptEnabled: true, networkConnectionEnabled: false, pageLoadStrategy: normal, platform: WINDOWS, platformName: WINDOWS, proxy: Proxy(), se:cdp: ws://localhost:50234/devtoo..., se:cdpVersion: 96.0.4664.110, setWindowRect: true, strictFileInteractability: false, timeouts: {implicit: 0, pageLoad: 300000, script: 30000}, unhandledPromptBehavior: dismiss and notify, webauthn:extension:credBlob: true, webauthn:extension:largeBlob: true, webauthn:virtualAuthenticators: true}&#10;Session ID: d2e32ba35f1edae85abd93238a608952" type="org.openqa.selenium.NoAlertPresentException">org.openqa.selenium.NoAlertPresentException: 
no such alert
  (Session info: chrome=96.0.4664.110)
Build info: version: '4.0.0', revision: '3a21814679'
System info: host: 'NGL001340', ip: '192.168.0.106', os.name: 'Windows 10', os.arch: 'amd64', os.version: '10.0', java.version: '1.8.0_92'
Driver info: org.openqa.selenium.chrome.ChromeDriver
Command: [d2e32ba35f1edae85abd93238a608952, getAlertText {}]
Capabilities {acceptInsecureCerts: false, browserName: chrome, browserVersion: 96.0.4664.110, chrome: {chromedriverVersion: 96.0.4664.45 (76e4c1bb2ab46..., userDataDir: C:\Users\YASH_S~1\AppData\L...}, goog:chromeOptions: {debuggerAddress: localhost:50234}, javascriptEnabled: true, networkConnectionEnabled: false, pageLoadStrategy: normal, platform: WINDOWS, platformName: WINDOWS, proxy: Proxy(), se:cdp: ws://localhost:50234/devtoo..., se:cdpVersion: 96.0.4664.110, setWindowRect: true, strictFileInteractability: false, timeouts: {implicit: 0, pageLoad: 300000, script: 30000}, unhandledPromptBehavior: dismiss and notify, webauthn:extension:credBlob: true, webauthn:extension:largeBlob: true, webauthn:virtualAuthenticators: true}
Session ID: d2e32ba35f1edae85abd93238a608952
	at mybank.testcases.SignUpPageValidationTest.SignUpWithInvalidEmailId(SignUpPageValidationTest.java:73)
</failure>
    <system-out><![CDATA[ INFO [main] (SignUpPageTest.java:119)- All Done!
 INFO [main] (SignUpPageValidationTest.java:36)- before suit log..
 WARN [main] (SignUpPageValidationTest.java:37)- Browser just launched !
 INFO [main] (SignUpPageValidationTest.java:64)- Successfully Fetched Data from Signup Details CSV file
Ashish
]]></system-out>
    <system-err><![CDATA[Starting ChromeDriver 96.0.4664.45 (76e4c1bb2ab4671b8beba3444e61c0f17584b2fc-refs/branch-heads/4664@{#947}) on port 55659
Only local connections are allowed.
Please see https://chromedriver.chromium.org/security-considerations for suggestions on keeping ChromeDriver safe.
ChromeDriver was started successfully.
Dec 17, 2021 4:54:55 PM org.openqa.selenium.remote.ProtocolHandshake createSession
INFO: Detected dialect: W3C
Dec 17, 2021 4:54:55 PM org.openqa.selenium.devtools.CdpVersionFinder findNearestMatch
WARNING: Unable to find an exact match for CDP version 96, so returning the closest version found: 95
Dec 17, 2021 4:54:55 PM org.openqa.selenium.devtools.CdpVersionFinder findNearestMatch
INFO: Found CDP implementation for version 96 of 95
]]></system-err>
  </testcase>
  <testcase name="signWithInvalidAccNumber" classname="mybank.testcases.SignUpPageValidationTest" time="1.911"/>
  <testcase name="LoginTest" classname="mybank.testcases.HomePageTest" time="1.39"/>
  <testcase name="mybankLogoClickTest" classname="mybank.testcases.HomePageTest" time="0.115"/>
  <testcase name="homeClickTest" classname="mybank.testcases.HomePageTest" time="0.11"/>
  <testcase name="featuresClickTest" classname="mybank.testcases.HomePageTest" time="0.193"/>
  <testcase name="aboutFAQsClickTest" classname="mybank.testcases.HomePageTest" time="0.344"/>
  <testcase name="contactUsClickTest" classname="mybank.testcases.HomePageTest" time="0.274"/>
  <testcase name="safetyBankingTipsClickTest" classname="mybank.testcases.HomePageTest" time="0.281"/>
  <testcase name="adminLoginClickTest" classname="mybank.testcases.HomePageTest" time="0.228"/>
  <testcase name="loginClickTest" classname="mybank.testcases.HomePageTest" time="0.242"/>
  <testcase name="signUpClickTest" classname="mybank.testcases.HomePageTest" time="0.336"/>
  <testcase name="contactUsTest" classname="mybank.testcases.HomePageTest" time="0.451"/>
  <testcase name="redirectSafetyTips" classname="mybank.testcases.HomePageTest" time="0.241"/>
  <testcase name="redirectFacebook" classname="mybank.testcases.HomePageTest" time="1.649"/>
  <testcase name="redirectTwitter" classname="mybank.testcases.HomePageTest" time="2.997"/>
  <testcase name="redirectYoutube" classname="mybank.testcases.HomePageTest" time="6.564"/>
  <testcase name="redirectGoogle" classname="mybank.testcases.HomePageTest" time="1.615"/>
  <testcase name="redirectInstagram" classname="mybank.testcases.HomePageTest" time="4.324"/>
  <testcase name="redirectLinkedIn" classname="mybank.testcases.HomePageTest" time="3.841"/>
</testsuite>