<?xml version="1.0" encoding="UTF-8"?>
<!-- Generated by org.testng.reporters.JUnitXMLReporter -->
<testsuite hostname="NGL001340" ignored="0" name="SignUpPageValidationTest" tests="2" failures="0" timestamp="15 Dec 2021 09:19:37 GMT" time="7.552" errors="0">
  <testcase name="SignUpWithInvalidEmailId" time="2.946" classname="mybank.testcases.SignUpPageValidationTest"/>
  <testcase name="signWithInvalidAccNumber" time="0.368" classname="mybank.testcases.SignUpPageValidationTest"/>
</testsuite> <!-- SignUpPageValidationTest -->
