<?xml version="1.0" encoding="UTF-8"?>
<testng-results skipped="0" failed="0" ignored="0" total="1" passed="1">
  <reporter-output>
  </reporter-output>
  <suite name="Default suite" duration-ms="6737" started-at="2021-12-16T11:20:19Z" finished-at="2021-12-16T11:20:26Z">
    <groups>
    </groups>
    <test name="Default test" duration-ms="6737" started-at="2021-12-16T11:20:19Z" finished-at="2021-12-16T11:20:26Z">
      <class name="mybank.testcases.UserLoginPageTest">
        <test-method status="PASS" signature="setup()[pri:0, instance:mybank.testcases.UserLoginPageTest@e320068]" name="setup" is-config="true" duration-ms="133" started-at="2021-12-16T16:50:19Z" finished-at="2021-12-16T16:50:19Z">
          <reporter-output>
          </reporter-output>
        </test-method> <!-- setup -->
        <test-method status="PASS" signature="beforeSuite()[pri:0, instance:mybank.testcases.UserLoginPageTest@e320068]" name="beforeSuite" is-config="true" duration-ms="4476" started-at="2021-12-16T16:50:19Z" finished-at="2021-12-16T16:50:24Z">
          <reporter-output>
          </reporter-output>
        </test-method> <!-- beforeSuite -->
        <test-method status="PASS" signature="LoginTest()[pri:0, instance:mybank.testcases.UserLoginPageTest@e320068]" name="LoginTest" duration-ms="880" started-at="2021-12-16T16:50:24Z" finished-at="2021-12-16T16:50:25Z">
          <reporter-output>
          </reporter-output>
        </test-method> <!-- LoginTest -->
        <test-method status="PASS" signature="temp(org.testng.ITestResult)[pri:0, instance:mybank.testcases.UserLoginPageTest@e320068]" name="temp" is-config="true" duration-ms="1" started-at="2021-12-16T16:50:25Z" finished-at="2021-12-16T16:50:25Z">
          <params>
            <param index="0">
              <value>
                <![CDATA[[TestResult name=LoginTest status=SUCCESS method=UserLoginPageTest.LoginTest()[pri:0, instance:mybank.testcases.UserLoginPageTest@e320068] output={null}]]]>
              </value>
            </param>
          </params>
          <reporter-output>
          </reporter-output>
        </test-method> <!-- temp -->
        <test-method status="PASS" signature="tear()[pri:0, instance:mybank.testcases.UserLoginPageTest@e320068]" name="tear" is-config="true" duration-ms="1361" started-at="2021-12-16T16:50:25Z" finished-at="2021-12-16T16:50:26Z">
          <reporter-output>
          </reporter-output>
        </test-method> <!-- tear -->
        <test-method status="PASS" signature="tearDown()[pri:0, instance:mybank.testcases.UserLoginPageTest@e320068]" name="tearDown" is-config="true" duration-ms="268" started-at="2021-12-16T16:50:26Z" finished-at="2021-12-16T16:50:26Z">
          <reporter-output>
          </reporter-output>
        </test-method> <!-- tearDown -->
      </class> <!-- mybank.testcases.UserLoginPageTest -->
    </test> <!-- Default test -->
  </suite> <!-- Default suite -->
</testng-results>
