<?xml version="1.0" encoding="UTF-8"?>
<!-- Generated by org.testng.reporters.JUnitXMLReporter -->
<testsuite hostname="HJNZL002248" ignored="0" name="AddBeneficiaryPageTest" tests="2" failures="0" timestamp="13 Dec 2021 05:41:23 GMT" time="5.575" errors="0">
  <testcase name="addBeneficiaryTest" time="1.08" classname="mybank.testcases.AddBeneficiaryPageTest"/>
  <testcase name="invalidCredentialsTest" time="0.41" classname="mybank.testcases.AddBeneficiaryPageTest"/>
</testsuite> <!-- AddBeneficiaryPageTest -->
