<?xml version="1.0" encoding="UTF-8"?>
<!-- Generated by org.testng.reporters.JUnitXMLReporter -->
<testsuite hostname="HJNZL002248" ignored="0" name="AddMoneyPageTest" tests="4" failures="0" timestamp="13 Dec 2021 05:41:17 GMT" time="7.482" errors="0">
  <testcase name="addMoneyPageAvabilityTest" time="2.007" classname="mybank.testcases.AddMoneyPageTest"/>
  <testcase name="test2" time="0.296" classname="mybank.testcases.AddMoneyPageTest"/>
  <testcase name="test3" time="0.224" classname="mybank.testcases.AddMoneyPageTest"/>
  <testcase name="test4" time="0.219" classname="mybank.testcases.AddMoneyPageTest"/>
</testsuite> <!-- AddMoneyPageTest -->
