<?xml version="1.0" encoding="UTF-8"?>
<!-- Generated by org.testng.reporters.JUnitXMLReporter -->
<testsuite hostname="HJNZL002248" ignored="0" name="PersonalDetailsPageTest" tests="1" failures="1" timestamp="13 Dec 2021 05:41:37 GMT" time="3.625" errors="0">
  <testcase name="personalDetailsTest" time="0.002" classname="mybank.testcases.PersonalDetailsPageTest">
    <failure type="java.lang.NullPointerException">
      <![CDATA[java.lang.NullPointerException
at mybank.testcases.PersonalDetailsPageTest.personalDetailsTest(PersonalDetailsPageTest.java:47)
... Removed 29 stack frames]]>
    </failure>
  </testcase> <!-- personalDetailsTest -->
</testsuite> <!-- PersonalDetailsPageTest -->
