<?xml version="1.0" encoding="UTF-8"?>
<!-- Generated by org.testng.reporters.JUnitXMLReporter -->
<testsuite hostname="HJNZL002248" ignored="0" name="TransactionRecordPageTest" tests="1" failures="1" timestamp="13 Dec 2021 05:41:41 GMT" time="4.683" errors="0">
  <testcase name="TransactionRecordTest" time="0.001" classname="mybank.testcases.TransactionRecordPageTest">
    <failure type="java.lang.NullPointerException">
      <![CDATA[java.lang.NullPointerException
at mybank.testcases.TransactionRecordPageTest.TransactionRecordTest(TransactionRecordPageTest.java:52)
... Removed 29 stack frames]]>
    </failure>
  </testcase> <!-- TransactionRecordTest -->
</testsuite> <!-- TransactionRecordPageTest -->
