<?xml version="1.0" encoding="UTF-8"?>
<!-- Generated by org.testng.reporters.JUnitXMLReporter -->
<testsuite hostname="HJNZL002248" ignored="0" name="WithdrawMoneyPageTest" tests="5" failures="0" timestamp="13 Dec 2021 05:41:47 GMT" time="5.383" errors="0">
  <testcase name="requestAtmPageAvabilityTest" time="1.323" classname="mybank.testcases.WithdrawMoneyPageTest"/>
  <testcase name="Test2" time="0.254" classname="mybank.testcases.WithdrawMoneyPageTest"/>
  <testcase name="Test3" time="0.185" classname="mybank.testcases.WithdrawMoneyPageTest"/>
  <testcase name="Test4" time="0.168" classname="mybank.testcases.WithdrawMoneyPageTest"/>
  <testcase name="Test5" time="0.172" classname="mybank.testcases.WithdrawMoneyPageTest"/>
</testsuite> <!-- WithdrawMoneyPageTest -->
